 * Serving Flask app 'app' (lazy loading)
 * Environment: production
   WARNING: This is a development server. Do not use it in a production deployment.
   Use a production WSGI server instead.
 * Debug mode: off
Traceback (most recent call last):
  File "app.py", line 127, in <module>
    app.run(host="0.0.0.0", port=3000)
  File "/home/ubuntu/.local/lib/python3.8/site-packages/flask/app.py", line 920, in run
    run_simple(t.cast(str, host), port, self, **options)
  File "/home/ubuntu/.local/lib/python3.8/site-packages/werkzeug/serving.py", line 1017, in run_simple
    inner()
  File "/home/ubuntu/.local/lib/python3.8/site-packages/werkzeug/serving.py", line 957, in inner
    srv = make_server(
  File "/home/ubuntu/.local/lib/python3.8/site-packages/werkzeug/serving.py", line 789, in make_server
    return ThreadedWSGIServer(
  File "/home/ubuntu/.local/lib/python3.8/site-packages/werkzeug/serving.py", line 693, in __init__
    super().__init__(server_address, handler)  # type: ignore
  File "/usr/lib/python3.8/socketserver.py", line 452, in __init__
    self.server_bind()
  File "/usr/lib/python3.8/http/server.py", line 138, in server_bind
    socketserver.TCPServer.server_bind(self)
  File "/usr/lib/python3.8/socketserver.py", line 466, in server_bind
    self.socket.bind(self.server_address)
OSError: [Errno 98] Address already in use
